<?xml version="1.0" encoding="UTF-8"?>
<!-- Generated by org.testng.reporters.JUnitReportReporter -->
<testsuite hostname="LAPTOP-UNVJLEE0" failures="0" tests="1" name="qaclickacademy.Mavenjava.EReportDemo" time="6.168" errors="0" timestamp="2021-07-23T15:41:22 IST" skipped="0">
  <testcase classname="qaclickacademy.Mavenjava.EReportDemo" name="InitaialDemo" time="6.168"/>
  <system-out/>
</testsuite> <!-- qaclickacademy.Mavenjava.EReportDemo -->
